#-----------------------------------------------------------
# Vivado v2018.3 (64-bit)
# SW Build 2405991 on Thu Dec  6 23:38:27 MST 2018
# IP Build 2404404 on Fri Dec  7 01:43:56 MST 2018
# Start of session at: Thu Sep 30 21:11:07 2021
# Process ID: 7696
# Current directory: C:/Users/artem/.Xilinx/project_3
# Command line: vivado.exe -gui_launcher_event rodinguilauncherevent6272 C:\Users\artem\.Xilinx\project_3\project_3.xpr
# Log file: C:/Users/artem/.Xilinx/project_3/vivado.log
# Journal file: C:/Users/artem/.Xilinx/project_3\vivado.jou
#-----------------------------------------------------------
start_gui
open_project C:/Users/artem/.Xilinx/project_3/project_3.xpr
Scanning sources...
Finished scanning sources
INFO: [IP_Flow 19-234] Refreshing IP repositories
INFO: [IP_Flow 19-1704] No user IP repositories specified
INFO: [IP_Flow 19-2313] Loaded Vivado IP repository 'C:/Users/artem/.Xilinx/Vivado/2018.3/data/ip'.
open_project: Time (s): cpu = 00:00:26 ; elapsed = 00:00:10 . Memory (MB): peak = 704.617 ; gain = 114.434
update_compile_order -fileset sources_1
exit
INFO: [Common 17-206] Exiting Vivado at Thu Sep 30 21:16:26 2021...
