#-----------------------------------------------------------
# Vivado v2018.3 (64-bit)
# SW Build 2405991 on Thu Dec  6 23:38:27 MST 2018
# IP Build 2404404 on Fri Dec  7 01:43:56 MST 2018
# Start of session at: Wed Sep 22 20:47:32 2021
# Process ID: 8312
# Current directory: C:/Users/artem/.Xilinx/project_3
# Command line: vivado.exe -gui_launcher_event rodinguilauncherevent7920 C:\Users\artem\.Xilinx\project_3\project_3.xpr
# Log file: C:/Users/artem/.Xilinx/project_3/vivado.log
# Journal file: C:/Users/artem/.Xilinx/project_3\vivado.jou
#-----------------------------------------------------------
start_gui
open_project C:/Users/artem/.Xilinx/project_3/project_3.xpr
Scanning sources...
Finished scanning sources
INFO: [IP_Flow 19-234] Refreshing IP repositories
INFO: [IP_Flow 19-1704] No user IP repositories specified
INFO: [IP_Flow 19-2313] Loaded Vivado IP repository 'C:/Users/artem/.Xilinx/Vivado/2018.3/data/ip'.
open_project: Time (s): cpu = 00:00:26 ; elapsed = 00:00:12 . Memory (MB): peak = 683.883 ; gain = 83.395
update_compile_order -fileset sources_1
launch_runs impl_1 -to_step write_bitstream -jobs 4
[Wed Sep 22 20:48:36 2021] Launched impl_1...
Run output will be captured here: C:/Users/artem/.Xilinx/project_3/project_3.runs/impl_1/runme.log
reset_run synth_1
launch_runs synth_1 -jobs 4
[Wed Sep 22 20:55:06 2021] Launched synth_1...
Run output will be captured here: C:/Users/artem/.Xilinx/project_3/project_3.runs/synth_1/runme.log
launch_runs impl_1 -jobs 4
[Wed Sep 22 20:56:18 2021] Launched impl_1...
Run output will be captured here: C:/Users/artem/.Xilinx/project_3/project_3.runs/impl_1/runme.log
launch_runs impl_1 -to_step write_bitstream -jobs 4
[Wed Sep 22 20:58:17 2021] Launched impl_1...
Run output will be captured here: C:/Users/artem/.Xilinx/project_3/project_3.runs/impl_1/runme.log
close [ open C:/Users/artem/.Xilinx/project_3/project_3.srcs/sources_1/new/lab_2_2.vhd w ]
add_files C:/Users/artem/.Xilinx/project_3/project_3.srcs/sources_1/new/lab_2_2.vhd
update_compile_order -fileset sources_1
export_ip_user_files -of_objects  [get_files C:/Users/artem/.Xilinx/project_3/project_3.srcs/sources_1/new/lab_2_2.vhd] -no_script -reset -force -quiet
remove_files  C:/Users/artem/.Xilinx/project_3/project_3.srcs/sources_1/new/lab_2_2.vhd
remove_files  C:/Users/artem/.Xilinx/project_3/project_3.srcs/sources_1/new/lab_2_2.vhd
WARNING: [Vivado 12-818] No files matched 'C:/Users/artem/.Xilinx/project_3/project_3.srcs/sources_1/new/lab_2_2.vhd'
close [ open C:/Users/artem/.Xilinx/project_3/project_3.srcs/sources_1/new/lab_3_2.vhd w ]
add_files C:/Users/artem/.Xilinx/project_3/project_3.srcs/sources_1/new/lab_3_2.vhd
update_compile_order -fileset sources_1
close [ open C:/Users/artem/.Xilinx/project_3/project_3.srcs/constrs_1/new/lab_3_2.xdc w ]
add_files -fileset constrs_1 C:/Users/artem/.Xilinx/project_3/project_3.srcs/constrs_1/new/lab_3_2.xdc
close [ open C:/Users/artem/.Xilinx/project_3/project_3.srcs/sources_1/new/lab_3_3.vhd w ]
add_files C:/Users/artem/.Xilinx/project_3/project_3.srcs/sources_1/new/lab_3_3.vhd
update_compile_order -fileset sources_1
set_property top lab_3_3 [current_fileset]
update_compile_order -fileset sources_1
close [ open C:/Users/artem/.Xilinx/project_3/project_3.srcs/constrs_1/new/lab_3_3.xdc w ]
add_files -fileset constrs_1 C:/Users/artem/.Xilinx/project_3/project_3.srcs/constrs_1/new/lab_3_3.xdc
set_property is_enabled false [get_files  C:/Users/artem/.Xilinx/project_3/project_3.srcs/constrs_1/new/lab_3_1.xdc]
set_property is_enabled false [get_files  C:/Users/artem/.Xilinx/project_3/project_3.srcs/constrs_1/new/lab_3_2.xdc]
reset_run synth_1
launch_runs synth_1 -jobs 4
[Thu Sep 23 01:45:44 2021] Launched synth_1...
Run output will be captured here: C:/Users/artem/.Xilinx/project_3/project_3.runs/synth_1/runme.log
launch_runs impl_1 -jobs 4
[Thu Sep 23 01:47:04 2021] Launched impl_1...
Run output will be captured here: C:/Users/artem/.Xilinx/project_3/project_3.runs/impl_1/runme.log
launch_runs impl_1 -to_step write_bitstream -jobs 4
[Thu Sep 23 01:49:16 2021] Launched impl_1...
Run output will be captured here: C:/Users/artem/.Xilinx/project_3/project_3.runs/impl_1/runme.log
exit
INFO: [Common 17-206] Exiting Vivado at Fri Sep 24 01:39:26 2021...
