Copyright 1986-2018 Xilinx, Inc. All Rights Reserved.
-----------------------------------------------------------------------------------------------------------------------------------------------------------------------------------
| Tool Version : Vivado v.2018.3 (win64) Build 2405991 Thu Dec  6 23:38:27 MST 2018
| Date         : Sun Dec 19 03:56:14 2021
| Host         : LAPTOP-5BEOHHF5 running 64-bit major release  (build 9200)
| Command      : report_timing_summary -max_paths 10 -file comp_timing_summary_routed.rpt -pb comp_timing_summary_routed.pb -rpx comp_timing_summary_routed.rpx -warn_on_violation
| Design       : comp
| Device       : 7a35t-cpg236
| Speed File   : -1  PRODUCTION 1.23 2018-06-13
-----------------------------------------------------------------------------------------------------------------------------------------------------------------------------------

Timing Summary Report

------------------------------------------------------------------------------------------------
| Timer Settings
| --------------
------------------------------------------------------------------------------------------------

  Enable Multi Corner Analysis               :  Yes
  Enable Pessimism Removal                   :  Yes
  Pessimism Removal Resolution               :  Nearest Common Node
  Enable Input Delay Default Clock           :  No
  Enable Preset / Clear Arcs                 :  No
  Disable Flight Delays                      :  No
  Ignore I/O Paths                           :  No
  Timing Early Launch at Borrowing Latches   :  false

  Corner  Analyze    Analyze    
  Name    Max Paths  Min Paths  
  ------  ---------  ---------  
  Slow    Yes        Yes        
  Fast    Yes        Yes        



check_timing report

Table of Contents
-----------------
1. checking no_clock
2. checking constant_clock
3. checking pulse_width_clock
4. checking unconstrained_internal_endpoints
5. checking no_input_delay
6. checking no_output_delay
7. checking multiple_clock
8. checking generated_clocks
9. checking loops
10. checking partial_input_delay
11. checking partial_output_delay
12. checking latch_loops

1. checking no_clock
--------------------
 There are 0 register/latch pins with no clock.


2. checking constant_clock
--------------------------
 There are 0 register/latch pins with constant_clock.


3. checking pulse_width_clock
-----------------------------
 There are 0 register/latch pins which need pulse_width check


4. checking unconstrained_internal_endpoints
--------------------------------------------
 There are 0 pins that are not constrained for maximum delay.

 There are 0 pins that are not constrained for maximum delay due to constant clock.


5. checking no_input_delay
--------------------------
 There are 24 input ports with no input delay specified. (HIGH)

 There are 0 input ports with no input delay but user has a false path constraint.


6. checking no_output_delay
---------------------------
 There are 21 ports with no output delay specified. (HIGH)

 There are 0 ports with no output delay but user has a false path constraint

 There are 0 ports with no output delay but with a timing clock defined on it or propagating through it


7. checking multiple_clock
--------------------------
 There are 0 register/latch pins with multiple clocks.


8. checking generated_clocks
----------------------------
 There are 0 generated clocks that are not connected to a clock source.


9. checking loops
-----------------
 There are 0 combinational loops in the design.


10. checking partial_input_delay
--------------------------------
 There are 0 input ports with partial input delay specified.


11. checking partial_output_delay
---------------------------------
 There are 0 ports with partial output delay specified.


12. checking latch_loops
------------------------
 There are 0 combinational latch loops in the design through latch input



------------------------------------------------------------------------------------------------
| Design Timing Summary
| ---------------------
------------------------------------------------------------------------------------------------

    WNS(ns)      TNS(ns)  TNS Failing Endpoints  TNS Total Endpoints      WHS(ns)      THS(ns)  THS Failing Endpoints  THS Total Endpoints     WPWS(ns)     TPWS(ns)  TPWS Failing Endpoints  TPWS Total Endpoints  
    -------      -------  ---------------------  -------------------      -------      -------  ---------------------  -------------------     --------     --------  ----------------------  --------------------  
         NA           NA                     NA                   NA           NA           NA                     NA                   NA        0.019        0.000                       0                    22  


All user specified timing constraints are met.


------------------------------------------------------------------------------------------------
| Clock Summary
| -------------
------------------------------------------------------------------------------------------------

Clock        Waveform(ns)         Period(ns)      Frequency(MHz)
-----        ------------         ----------      --------------
sys_clk_pin  {0.000 1.087}        2.174           459.982         


------------------------------------------------------------------------------------------------
| Intra Clock Table
| -----------------
------------------------------------------------------------------------------------------------

Clock             WNS(ns)      TNS(ns)  TNS Failing Endpoints  TNS Total Endpoints      WHS(ns)      THS(ns)  THS Failing Endpoints  THS Total Endpoints     WPWS(ns)     TPWS(ns)  TPWS Failing Endpoints  TPWS Total Endpoints  
-----             -------      -------  ---------------------  -------------------      -------      -------  ---------------------  -------------------     --------     --------  ----------------------  --------------------  
sys_clk_pin                                                                                                                                                     0.019        0.000                       0                    22  


------------------------------------------------------------------------------------------------
| Inter Clock Table
| -----------------
------------------------------------------------------------------------------------------------

From Clock    To Clock          WNS(ns)      TNS(ns)  TNS Failing Endpoints  TNS Total Endpoints      WHS(ns)      THS(ns)  THS Failing Endpoints  THS Total Endpoints  
----------    --------          -------      -------  ---------------------  -------------------      -------      -------  ---------------------  -------------------  


------------------------------------------------------------------------------------------------
| Other Path Groups Table
| -----------------------
------------------------------------------------------------------------------------------------

Path Group    From Clock    To Clock          WNS(ns)      TNS(ns)  TNS Failing Endpoints  TNS Total Endpoints      WHS(ns)      THS(ns)  THS Failing Endpoints  THS Total Endpoints  
----------    ----------    --------          -------      -------  ---------------------  -------------------      -------      -------  ---------------------  -------------------  


------------------------------------------------------------------------------------------------
| Timing Details
| --------------
------------------------------------------------------------------------------------------------


---------------------------------------------------------------------------------------------------
From Clock:  sys_clk_pin
  To Clock:  sys_clk_pin

Setup :           NA  Failing Endpoints,  Worst Slack           NA  ,  Total Violation           NA
Hold  :           NA  Failing Endpoints,  Worst Slack           NA  ,  Total Violation           NA
PW    :            0  Failing Endpoints,  Worst Slack        0.019ns,  Total Violation        0.000ns
---------------------------------------------------------------------------------------------------


Pulse Width Checks
--------------------------------------------------------------------------------------
Clock Name:         sys_clk_pin
Waveform(ns):       { 0.000 1.087 }
Period(ns):         2.174
Sources:            { clk }

Check Type        Corner  Lib Pin  Reference Pin  Required(ns)  Actual(ns)  Slack(ns)  Location       Pin
Min Period        n/a     BUFG/I   n/a            2.155         2.174       0.019      BUFGCTRL_X0Y0  clk_IBUF_BUFG_inst/I
Min Period        n/a     FDRE/C   n/a            1.000         2.174       1.174      SLICE_X0Y14    qwe/dout_reg[0]/C
Min Period        n/a     FDRE/C   n/a            1.000         2.174       1.174      SLICE_X0Y24    qwe/dout_reg[10]/C
Min Period        n/a     FDRE/C   n/a            1.000         2.174       1.174      SLICE_X0Y25    qwe/dout_reg[11]/C
Min Period        n/a     FDRE/C   n/a            1.000         2.174       1.174      SLICE_X0Y25    qwe/dout_reg[12]/C
Min Period        n/a     FDRE/C   n/a            1.000         2.174       1.174      SLICE_X0Y25    qwe/dout_reg[13]/C
Min Period        n/a     FDRE/C   n/a            1.000         2.174       1.174      SLICE_X0Y25    qwe/dout_reg[14]/C
Min Period        n/a     FDRE/C   n/a            1.000         2.174       1.174      SLICE_X0Y26    qwe/dout_reg[15]/C
Min Period        n/a     FDRE/C   n/a            1.000         2.174       1.174      SLICE_X0Y26    qwe/dout_reg[16]/C
Min Period        n/a     FDRE/C   n/a            1.000         2.174       1.174      SLICE_X0Y26    qwe/dout_reg[17]/C
Low Pulse Width   Slow    FDRE/C   n/a            0.500         1.087       0.587      SLICE_X0Y14    qwe/dout_reg[0]/C
Low Pulse Width   Fast    FDRE/C   n/a            0.500         1.087       0.587      SLICE_X0Y14    qwe/dout_reg[0]/C
Low Pulse Width   Slow    FDRE/C   n/a            0.500         1.087       0.587      SLICE_X0Y24    qwe/dout_reg[10]/C
Low Pulse Width   Fast    FDRE/C   n/a            0.500         1.087       0.587      SLICE_X0Y24    qwe/dout_reg[10]/C
Low Pulse Width   Slow    FDRE/C   n/a            0.500         1.087       0.587      SLICE_X0Y25    qwe/dout_reg[11]/C
Low Pulse Width   Fast    FDRE/C   n/a            0.500         1.087       0.587      SLICE_X0Y25    qwe/dout_reg[11]/C
Low Pulse Width   Slow    FDRE/C   n/a            0.500         1.087       0.587      SLICE_X0Y25    qwe/dout_reg[12]/C
Low Pulse Width   Fast    FDRE/C   n/a            0.500         1.087       0.587      SLICE_X0Y25    qwe/dout_reg[12]/C
Low Pulse Width   Slow    FDRE/C   n/a            0.500         1.087       0.587      SLICE_X0Y25    qwe/dout_reg[13]/C
Low Pulse Width   Fast    FDRE/C   n/a            0.500         1.087       0.587      SLICE_X0Y25    qwe/dout_reg[13]/C
High Pulse Width  Slow    FDRE/C   n/a            0.500         1.087       0.587      SLICE_X0Y14    qwe/dout_reg[0]/C
High Pulse Width  Fast    FDRE/C   n/a            0.500         1.087       0.587      SLICE_X0Y14    qwe/dout_reg[0]/C
High Pulse Width  Slow    FDRE/C   n/a            0.500         1.087       0.587      SLICE_X0Y24    qwe/dout_reg[10]/C
High Pulse Width  Fast    FDRE/C   n/a            0.500         1.087       0.587      SLICE_X0Y24    qwe/dout_reg[10]/C
High Pulse Width  Slow    FDRE/C   n/a            0.500         1.087       0.587      SLICE_X0Y25    qwe/dout_reg[11]/C
High Pulse Width  Fast    FDRE/C   n/a            0.500         1.087       0.587      SLICE_X0Y25    qwe/dout_reg[11]/C
High Pulse Width  Slow    FDRE/C   n/a            0.500         1.087       0.587      SLICE_X0Y25    qwe/dout_reg[12]/C
High Pulse Width  Fast    FDRE/C   n/a            0.500         1.087       0.587      SLICE_X0Y25    qwe/dout_reg[12]/C
High Pulse Width  Slow    FDRE/C   n/a            0.500         1.087       0.587      SLICE_X0Y25    qwe/dout_reg[13]/C
High Pulse Width  Fast    FDRE/C   n/a            0.500         1.087       0.587      SLICE_X0Y25    qwe/dout_reg[13]/C



