
*** Running vivado
    with args -log lab_9.vdi -applog -m64 -product Vivado -messageDb vivado.pb -mode batch -source lab_9.tcl -notrace


****** Vivado v2018.3 (64-bit)
  **** SW Build 2405991 on Thu Dec  6 23:38:27 MST 2018
  **** IP Build 2404404 on Fri Dec  7 01:43:56 MST 2018
    ** Copyright 1986-2018 Xilinx, Inc. All Rights Reserved.

source lab_9.tcl -notrace
Command: link_design -top lab_9 -part xc7a35tcpg236-1
Design is defaulting to srcset: sources_1
Design is defaulting to constrset: constrs_1
INFO: [Netlist 29-17] Analyzing 5 Unisim elements for replacement
INFO: [Netlist 29-28] Unisim Transformation completed in 0 CPU seconds
INFO: [Project 1-479] Netlist was created with Vivado 2018.3
INFO: [Device 21-403] Loading part xc7a35tcpg236-1
INFO: [Project 1-570] Preparing netlist for logic optimization
Parsing XDC File [C:/Users/artem/.Xilinx/project_9/project_9.srcs/constrs_1/new/lab_9.xdc]
WARNING: [Vivado 12-2489] -period contains time 2.272727 which will be rounded to 2.273 to ensure it is an integer multiple of 1 picosecond [C:/Users/artem/.Xilinx/project_9/project_9.srcs/constrs_1/new/lab_9.xdc:6]
WARNING: [Vivado 12-2489] -waveform contains time 1.136364 which will be rounded to 1.136 to ensure it is an integer multiple of 1 picosecond [C:/Users/artem/.Xilinx/project_9/project_9.srcs/constrs_1/new/lab_9.xdc:6]
Finished Parsing XDC File [C:/Users/artem/.Xilinx/project_9/project_9.srcs/constrs_1/new/lab_9.xdc]
INFO: [Opt 31-138] Pushed 0 inverter(s) to 0 load pin(s).
Netlist sorting complete. Time (s): cpu = 00:00:00 ; elapsed = 00:00:00 . Memory (MB): peak = 549.906 ; gain = 0.000
INFO: [Project 1-111] Unisim Transformation Summary:
No Unisim elements were transformed.

7 Infos, 2 Warnings, 0 Critical Warnings and 0 Errors encountered.
link_design completed successfully
link_design: Time (s): cpu = 00:00:11 ; elapsed = 00:00:13 . Memory (MB): peak = 553.914 ; gain = 306.336
Command: opt_design
Attempting to get a license for feature 'Implementation' and/or device 'xc7a35t'
INFO: [Common 17-349] Got license for feature 'Implementation' and/or device 'xc7a35t'
Running DRC as a precondition to command opt_design

Starting DRC Task
INFO: [DRC 23-27] Running DRC with 2 threads
INFO: [Project 1-461] DRC finished with 0 Errors
INFO: [Project 1-462] Please refer to the DRC report (report_drc) for more information.

Time (s): cpu = 00:00:02 ; elapsed = 00:00:00.972 . Memory (MB): peak = 564.023 ; gain = 10.109

Starting Cache Timing Information Task
INFO: [Timing 38-35] Done setting XDC timing constraints.
Ending Cache Timing Information Task | Checksum: 19ef4c8a3

Time (s): cpu = 00:00:17 ; elapsed = 00:00:18 . Memory (MB): peak = 1100.223 ; gain = 536.199

Starting Logic Optimization Task

Phase 1 Retarget
INFO: [Opt 31-138] Pushed 0 inverter(s) to 0 load pin(s).
INFO: [Opt 31-49] Retargeted 0 cell(s).
Phase 1 Retarget | Checksum: 19ef4c8a3

Time (s): cpu = 00:00:00 ; elapsed = 00:00:00.022 . Memory (MB): peak = 1199.289 ; gain = 0.000
INFO: [Opt 31-389] Phase Retarget created 0 cells and removed 0 cells

Phase 2 Constant propagation
INFO: [Opt 31-138] Pushed 0 inverter(s) to 0 load pin(s).
Phase 2 Constant propagation | Checksum: 1a793f0a5

Time (s): cpu = 00:00:00 ; elapsed = 00:00:00.026 . Memory (MB): peak = 1199.289 ; gain = 0.000
INFO: [Opt 31-389] Phase Constant propagation created 0 cells and removed 0 cells

Phase 3 Sweep
Phase 3 Sweep | Checksum: 1f6ffc2f5

Time (s): cpu = 00:00:00 ; elapsed = 00:00:00.036 . Memory (MB): peak = 1199.289 ; gain = 0.000
INFO: [Opt 31-389] Phase Sweep created 0 cells and removed 0 cells

Phase 4 BUFG optimization
Phase 4 BUFG optimization | Checksum: 1f6ffc2f5

Time (s): cpu = 00:00:00 ; elapsed = 00:00:00.046 . Memory (MB): peak = 1199.289 ; gain = 0.000
INFO: [Opt 31-662] Phase BUFG optimization created 0 cells of which 0 are BUFGs and removed 0 cells.

Phase 5 Shift Register Optimization
Phase 5 Shift Register Optimization | Checksum: 206022103

Time (s): cpu = 00:00:00 ; elapsed = 00:00:00.112 . Memory (MB): peak = 1199.289 ; gain = 0.000
INFO: [Opt 31-389] Phase Shift Register Optimization created 0 cells and removed 0 cells

Phase 6 Post Processing Netlist
Phase 6 Post Processing Netlist | Checksum: 206022103

Time (s): cpu = 00:00:00 ; elapsed = 00:00:00.115 . Memory (MB): peak = 1199.289 ; gain = 0.000
INFO: [Opt 31-389] Phase Post Processing Netlist created 0 cells and removed 0 cells
Opt_design Change Summary
=========================


-------------------------------------------------------------------------------------------------------------------------
|  Phase                        |  #Cells created  |  #Cells Removed  |  #Constrained objects preventing optimizations  |
-------------------------------------------------------------------------------------------------------------------------
|  Retarget                     |               0  |               0  |                                              0  |
|  Constant propagation         |               0  |               0  |                                              0  |
|  Sweep                        |               0  |               0  |                                              0  |
|  BUFG optimization            |               0  |               0  |                                              0  |
|  Shift Register Optimization  |               0  |               0  |                                              0  |
|  Post Processing Netlist      |               0  |               0  |                                              0  |
-------------------------------------------------------------------------------------------------------------------------



Starting Connectivity Check Task

Time (s): cpu = 00:00:00 ; elapsed = 00:00:00.001 . Memory (MB): peak = 1199.289 ; gain = 0.000
Ending Logic Optimization Task | Checksum: 206022103

Time (s): cpu = 00:00:00 ; elapsed = 00:00:00.119 . Memory (MB): peak = 1199.289 ; gain = 0.000

Starting Power Optimization Task
INFO: [Pwropt 34-132] Skipping clock gating for clocks with a period < 2.00 ns.
Ending Power Optimization Task | Checksum: 206022103

Time (s): cpu = 00:00:00 ; elapsed = 00:00:00.021 . Memory (MB): peak = 1199.289 ; gain = 0.000

Starting Final Cleanup Task
Ending Final Cleanup Task | Checksum: 206022103

Time (s): cpu = 00:00:00 ; elapsed = 00:00:00 . Memory (MB): peak = 1199.289 ; gain = 0.000

Starting Netlist Obfuscation Task
Netlist sorting complete. Time (s): cpu = 00:00:00 ; elapsed = 00:00:00 . Memory (MB): peak = 1199.289 ; gain = 0.000
Ending Netlist Obfuscation Task | Checksum: 206022103

Time (s): cpu = 00:00:00 ; elapsed = 00:00:00.001 . Memory (MB): peak = 1199.289 ; gain = 0.000
INFO: [Common 17-83] Releasing license: Implementation
23 Infos, 2 Warnings, 0 Critical Warnings and 0 Errors encountered.
opt_design completed successfully
opt_design: Time (s): cpu = 00:00:21 ; elapsed = 00:00:21 . Memory (MB): peak = 1199.289 ; gain = 645.375
Netlist sorting complete. Time (s): cpu = 00:00:00 ; elapsed = 00:00:00 . Memory (MB): peak = 1199.289 ; gain = 0.000
INFO: [Timing 38-480] Writing timing data to binary archive.
Writing placer database...
Writing XDEF routing.
Writing XDEF routing logical nets.
Writing XDEF routing special nets.
Write XDEF Complete: Time (s): cpu = 00:00:00 ; elapsed = 00:00:00.075 . Memory (MB): peak = 1199.289 ; gain = 0.000
Netlist sorting complete. Time (s): cpu = 00:00:00 ; elapsed = 00:00:00 . Memory (MB): peak = 1199.289 ; gain = 0.000
INFO: [Common 17-1381] The checkpoint 'C:/Users/artem/.Xilinx/project_9/project_9.runs/impl_1/lab_9_opt.dcp' has been generated.
INFO: [runtcl-4] Executing : report_drc -file lab_9_drc_opted.rpt -pb lab_9_drc_opted.pb -rpx lab_9_drc_opted.rpx
Command: report_drc -file lab_9_drc_opted.rpt -pb lab_9_drc_opted.pb -rpx lab_9_drc_opted.rpx
INFO: [IP_Flow 19-234] Refreshing IP repositories
INFO: [IP_Flow 19-1704] No user IP repositories specified
INFO: [IP_Flow 19-2313] Loaded Vivado IP repository 'C:/Users/artem/.Xilinx/Vivado/2018.3/data/ip'.
INFO: [DRC 23-27] Running DRC with 2 threads
INFO: [Coretcl 2-168] The results of DRC are in file C:/Users/artem/.Xilinx/project_9/project_9.runs/impl_1/lab_9_drc_opted.rpt.
report_drc completed successfully
Command: place_design
Attempting to get a license for feature 'Implementation' and/or device 'xc7a35t'
INFO: [Common 17-349] Got license for feature 'Implementation' and/or device 'xc7a35t'
INFO: [DRC 23-27] Running DRC with 2 threads
INFO: [Vivado_Tcl 4-198] DRC finished with 0 Errors
INFO: [Vivado_Tcl 4-199] Please refer to the DRC report (report_drc) for more information.
Running DRC as a precondition to command place_design
INFO: [DRC 23-27] Running DRC with 2 threads
INFO: [Vivado_Tcl 4-198] DRC finished with 0 Errors
INFO: [Vivado_Tcl 4-199] Please refer to the DRC report (report_drc) for more information.

Starting Placer Task
INFO: [Place 30-611] Multithreading enabled for place_design using a maximum of 2 CPUs

Phase 1 Placer Initialization

Phase 1.1 Placer Initialization Netlist Sorting
Netlist sorting complete. Time (s): cpu = 00:00:00 ; elapsed = 00:00:00 . Memory (MB): peak = 1199.289 ; gain = 0.000
Phase 1.1 Placer Initialization Netlist Sorting | Checksum: 143f168fd

Time (s): cpu = 00:00:00 ; elapsed = 00:00:00.010 . Memory (MB): peak = 1199.289 ; gain = 0.000
Netlist sorting complete. Time (s): cpu = 00:00:00 ; elapsed = 00:00:00 . Memory (MB): peak = 1199.289 ; gain = 0.000

Phase 1.2 IO Placement/ Clock Placement/ Build Placer Device
INFO: [Timing 38-35] Done setting XDC timing constraints.
Phase 1.2 IO Placement/ Clock Placement/ Build Placer Device | Checksum: f67bf305

Time (s): cpu = 00:00:03 ; elapsed = 00:00:02 . Memory (MB): peak = 1199.289 ; gain = 0.000

Phase 1.3 Build Placer Netlist Model
Phase 1.3 Build Placer Netlist Model | Checksum: 163b73d28

Time (s): cpu = 00:00:03 ; elapsed = 00:00:03 . Memory (MB): peak = 1204.938 ; gain = 5.648

Phase 1.4 Constrain Clocks/Macros
Phase 1.4 Constrain Clocks/Macros | Checksum: 163b73d28

Time (s): cpu = 00:00:03 ; elapsed = 00:00:03 . Memory (MB): peak = 1204.938 ; gain = 5.648
Phase 1 Placer Initialization | Checksum: 163b73d28

Time (s): cpu = 00:00:03 ; elapsed = 00:00:03 . Memory (MB): peak = 1204.938 ; gain = 5.648

Phase 2 Global Placement

Phase 2.1 Floorplanning
Phase 2.1 Floorplanning | Checksum: 193edb312

Time (s): cpu = 00:00:03 ; elapsed = 00:00:03 . Memory (MB): peak = 1204.938 ; gain = 5.648

Phase 2.2 Physical Synthesis In Placer
INFO: [Physopt 32-65] No nets found for high-fanout optimization.
INFO: [Physopt 32-232] Optimized 0 net. Created 0 new instance.
INFO: [Physopt 32-775] End 1 Pass. Optimized 0 net or cell. Created 0 new cell, deleted 0 existing cell and moved 0 existing cell
INFO: [Physopt 32-456] No candidate cells for DSP register optimization found in the design.
INFO: [Physopt 32-775] End 2 Pass. Optimized 0 net or cell. Created 0 new cell, deleted 0 existing cell and moved 0 existing cell
INFO: [Physopt 32-677] No candidate cells for Shift Register optimization found in the design
INFO: [Physopt 32-775] End 1 Pass. Optimized 0 net or cell. Created 0 new cell, deleted 0 existing cell and moved 0 existing cell
INFO: [Physopt 32-526] No candidate cells for BRAM register optimization found in the design
INFO: [Physopt 32-775] End 1 Pass. Optimized 0 net or cell. Created 0 new cell, deleted 0 existing cell and moved 0 existing cell
INFO: [Physopt 32-949] No candidate nets found for HD net replication
INFO: [Physopt 32-775] End 1 Pass. Optimized 0 net or cell. Created 0 new cell, deleted 0 existing cell and moved 0 existing cell
Netlist sorting complete. Time (s): cpu = 00:00:00 ; elapsed = 00:00:00 . Memory (MB): peak = 1204.938 ; gain = 0.000

Summary of Physical Synthesis Optimizations
============================================


----------------------------------------------------------------------------------------------------------------------------------------
|  Optimization                  |  Added Cells  |  Removed Cells  |  Optimized Cells/Nets  |  Dont Touch  |  Iterations  |  Elapsed   |
----------------------------------------------------------------------------------------------------------------------------------------
|  Very High Fanout              |            0  |              0  |                     0  |           0  |           1  |  00:00:00  |
|  DSP Register                  |            0  |              0  |                     0  |           0  |           1  |  00:00:00  |
|  Shift Register                |            0  |              0  |                     0  |           0  |           1  |  00:00:00  |
|  BRAM Register                 |            0  |              0  |                     0  |           0  |           1  |  00:00:00  |
|  HD Interface Net Replication  |            0  |              0  |                     0  |           0  |           1  |  00:00:00  |
|  Total                         |            0  |              0  |                     0  |           0  |           5  |  00:00:00  |
----------------------------------------------------------------------------------------------------------------------------------------


Phase 2.2 Physical Synthesis In Placer | Checksum: 1b4b790c9

Time (s): cpu = 00:00:04 ; elapsed = 00:00:04 . Memory (MB): peak = 1204.938 ; gain = 5.648
Phase 2 Global Placement | Checksum: 1463c5f4a

Time (s): cpu = 00:00:04 ; elapsed = 00:00:04 . Memory (MB): peak = 1204.938 ; gain = 5.648

Phase 3 Detail Placement

Phase 3.1 Commit Multi Column Macros
Phase 3.1 Commit Multi Column Macros | Checksum: 1463c5f4a

Time (s): cpu = 00:00:04 ; elapsed = 00:00:04 . Memory (MB): peak = 1204.938 ; gain = 5.648

Phase 3.2 Commit Most Macros & LUTRAMs
Phase 3.2 Commit Most Macros & LUTRAMs | Checksum: 1c3e9ef69

Time (s): cpu = 00:00:05 ; elapsed = 00:00:04 . Memory (MB): peak = 1204.938 ; gain = 5.648

Phase 3.3 Area Swap Optimization
Phase 3.3 Area Swap Optimization | Checksum: 159b50263

Time (s): cpu = 00:00:05 ; elapsed = 00:00:04 . Memory (MB): peak = 1204.938 ; gain = 5.648

Phase 3.4 Pipeline Register Optimization
Phase 3.4 Pipeline Register Optimization | Checksum: 1d43e8336

Time (s): cpu = 00:00:05 ; elapsed = 00:00:04 . Memory (MB): peak = 1204.938 ; gain = 5.648

Phase 3.5 Fast Optimization
Phase 3.5 Fast Optimization | Checksum: 1a93860bd

Time (s): cpu = 00:00:05 ; elapsed = 00:00:04 . Memory (MB): peak = 1204.938 ; gain = 5.648

Phase 3.6 Small Shape Detail Placement
Phase 3.6 Small Shape Detail Placement | Checksum: 1b261e3ae

Time (s): cpu = 00:00:05 ; elapsed = 00:00:04 . Memory (MB): peak = 1204.938 ; gain = 5.648

Phase 3.7 Re-assign LUT pins
Phase 3.7 Re-assign LUT pins | Checksum: 1b261e3ae

Time (s): cpu = 00:00:05 ; elapsed = 00:00:04 . Memory (MB): peak = 1204.938 ; gain = 5.648

Phase 3.8 Pipeline Register Optimization
Phase 3.8 Pipeline Register Optimization | Checksum: 23f63c377

Time (s): cpu = 00:00:05 ; elapsed = 00:00:04 . Memory (MB): peak = 1204.938 ; gain = 5.648

Phase 3.9 Fast Optimization
Phase 3.9 Fast Optimization | Checksum: 182929af6

Time (s): cpu = 00:00:06 ; elapsed = 00:00:05 . Memory (MB): peak = 1204.938 ; gain = 5.648
Phase 3 Detail Placement | Checksum: 182929af6

Time (s): cpu = 00:00:06 ; elapsed = 00:00:05 . Memory (MB): peak = 1204.938 ; gain = 5.648

Phase 4 Post Placement Optimization and Clean-Up

Phase 4.1 Post Commit Optimization
INFO: [Timing 38-35] Done setting XDC timing constraints.

Phase 4.1.1 Post Placement Optimization
Post Placement Optimization Initialization | Checksum: 2689cee2f

Phase 4.1.1.1 BUFG Insertion
INFO: [Place 46-46] BUFG insertion identified 0 candidate nets, 0 success, 0 bufg driver replicated, 0 skipped for placement/routing, 0 skipped for timing, 0 skipped for netlist change reason
Phase 4.1.1.1 BUFG Insertion | Checksum: 2689cee2f

Time (s): cpu = 00:00:06 ; elapsed = 00:00:05 . Memory (MB): peak = 1204.938 ; gain = 5.648
INFO: [Place 30-746] Post Placement Timing Summary WNS=0.027. For the most accurate timing information please run report_timing.
Phase 4.1.1 Post Placement Optimization | Checksum: 26f1df141

Time (s): cpu = 00:00:23 ; elapsed = 00:00:23 . Memory (MB): peak = 1204.938 ; gain = 5.648
Phase 4.1 Post Commit Optimization | Checksum: 26f1df141

Time (s): cpu = 00:00:23 ; elapsed = 00:00:23 . Memory (MB): peak = 1204.938 ; gain = 5.648

Phase 4.2 Post Placement Cleanup
Phase 4.2 Post Placement Cleanup | Checksum: 26f1df141

Time (s): cpu = 00:00:23 ; elapsed = 00:00:23 . Memory (MB): peak = 1204.938 ; gain = 5.648

Phase 4.3 Placer Reporting
Phase 4.3 Placer Reporting | Checksum: 26f1df141

Time (s): cpu = 00:00:23 ; elapsed = 00:00:23 . Memory (MB): peak = 1204.938 ; gain = 5.648

Phase 4.4 Final Placement Cleanup
Netlist sorting complete. Time (s): cpu = 00:00:00 ; elapsed = 00:00:00.001 . Memory (MB): peak = 1204.938 ; gain = 0.000
Phase 4.4 Final Placement Cleanup | Checksum: 26f1df141

Time (s): cpu = 00:00:23 ; elapsed = 00:00:23 . Memory (MB): peak = 1204.938 ; gain = 5.648
Phase 4 Post Placement Optimization and Clean-Up | Checksum: 26f1df141

Time (s): cpu = 00:00:23 ; elapsed = 00:00:23 . Memory (MB): peak = 1204.938 ; gain = 5.648
Ending Placer Task | Checksum: 1778937c1

Time (s): cpu = 00:00:23 ; elapsed = 00:00:23 . Memory (MB): peak = 1204.938 ; gain = 5.648
INFO: [Common 17-83] Releasing license: Implementation
55 Infos, 2 Warnings, 0 Critical Warnings and 0 Errors encountered.
place_design completed successfully
place_design: Time (s): cpu = 00:00:25 ; elapsed = 00:00:24 . Memory (MB): peak = 1204.938 ; gain = 5.648
Netlist sorting complete. Time (s): cpu = 00:00:00 ; elapsed = 00:00:00 . Memory (MB): peak = 1204.938 ; gain = 0.000
INFO: [Timing 38-480] Writing timing data to binary archive.
Writing placer database...
Writing XDEF routing.
Writing XDEF routing logical nets.
Writing XDEF routing special nets.
Write XDEF Complete: Time (s): cpu = 00:00:00 ; elapsed = 00:00:00.109 . Memory (MB): peak = 1207.789 ; gain = 2.852
Netlist sorting complete. Time (s): cpu = 00:00:00 ; elapsed = 00:00:00 . Memory (MB): peak = 1210.812 ; gain = 0.000
INFO: [Common 17-1381] The checkpoint 'C:/Users/artem/.Xilinx/project_9/project_9.runs/impl_1/lab_9_placed.dcp' has been generated.
INFO: [runtcl-4] Executing : report_io -file lab_9_io_placed.rpt
report_io: Time (s): cpu = 00:00:00 ; elapsed = 00:00:00.129 . Memory (MB): peak = 1210.832 ; gain = 0.000
INFO: [runtcl-4] Executing : report_utilization -file lab_9_utilization_placed.rpt -pb lab_9_utilization_placed.pb
INFO: [runtcl-4] Executing : report_control_sets -verbose -file lab_9_control_sets_placed.rpt
report_control_sets: Time (s): cpu = 00:00:00 ; elapsed = 00:00:00.003 . Memory (MB): peak = 1210.832 ; gain = 0.000
Command: route_design
Attempting to get a license for feature 'Implementation' and/or device 'xc7a35t'
INFO: [Common 17-349] Got license for feature 'Implementation' and/or device 'xc7a35t'
Running DRC as a precondition to command route_design
INFO: [DRC 23-27] Running DRC with 2 threads
INFO: [Vivado_Tcl 4-198] DRC finished with 0 Errors
INFO: [Vivado_Tcl 4-199] Please refer to the DRC report (report_drc) for more information.


Starting Routing Task
INFO: [Route 35-254] Multithreading enabled for route_design using a maximum of 2 CPUs
Checksum: PlaceDB: b9178a01 ConstDB: 0 ShapeSum: be71adc0 RouteDB: 0

Phase 1 Build RT Design
Phase 1 Build RT Design | Checksum: e2809617

Time (s): cpu = 00:00:37 ; elapsed = 00:00:34 . Memory (MB): peak = 1334.078 ; gain = 123.246
Post Restoration Checksum: NetGraph: aac97e18 NumContArr: 37b717ff Constraints: 0 Timing: 0

Phase 2 Router Initialization

Phase 2.1 Create Timer
Phase 2.1 Create Timer | Checksum: e2809617

Time (s): cpu = 00:00:37 ; elapsed = 00:00:34 . Memory (MB): peak = 1360.320 ; gain = 149.488

Phase 2.2 Fix Topology Constraints
Phase 2.2 Fix Topology Constraints | Checksum: e2809617

Time (s): cpu = 00:00:37 ; elapsed = 00:00:34 . Memory (MB): peak = 1366.344 ; gain = 155.512

Phase 2.3 Pre Route Cleanup
Phase 2.3 Pre Route Cleanup | Checksum: e2809617

Time (s): cpu = 00:00:37 ; elapsed = 00:00:34 . Memory (MB): peak = 1366.344 ; gain = 155.512
 Number of Nodes with overlaps = 0

Phase 2.4 Update Timing
Phase 2.4 Update Timing | Checksum: 1b3ef37b6

Time (s): cpu = 00:00:38 ; elapsed = 00:00:34 . Memory (MB): peak = 1370.027 ; gain = 159.195
INFO: [Route 35-416] Intermediate Timing Summary | WNS=-0.030 | TNS=-0.030 | WHS=-0.089 | THS=-0.957 |

Phase 2 Router Initialization | Checksum: 2102ead71

Time (s): cpu = 00:00:38 ; elapsed = 00:00:34 . Memory (MB): peak = 1370.027 ; gain = 159.195

Phase 3 Initial Routing
Phase 3 Initial Routing | Checksum: 148178dcb

Time (s): cpu = 00:00:38 ; elapsed = 00:00:35 . Memory (MB): peak = 1371.184 ; gain = 160.352

Phase 4 Rip-up And Reroute

Phase 4.1 Global Iteration 0
 Number of Nodes with overlaps = 2
 Number of Nodes with overlaps = 0
INFO: [Route 35-416] Intermediate Timing Summary | WNS=-0.051 | TNS=-0.051 | WHS=N/A    | THS=N/A    |

Phase 4.1 Global Iteration 0 | Checksum: 11913390b

Time (s): cpu = 00:00:38 ; elapsed = 00:00:35 . Memory (MB): peak = 1371.184 ; gain = 160.352

Phase 4.2 Global Iteration 1
 Number of Nodes with overlaps = 1
 Number of Nodes with overlaps = 0
INFO: [Route 35-416] Intermediate Timing Summary | WNS=-0.051 | TNS=-0.051 | WHS=N/A    | THS=N/A    |

Phase 4.2 Global Iteration 1 | Checksum: 196e43152

Time (s): cpu = 00:00:38 ; elapsed = 00:00:35 . Memory (MB): peak = 1371.184 ; gain = 160.352
Phase 4 Rip-up And Reroute | Checksum: 196e43152

Time (s): cpu = 00:00:38 ; elapsed = 00:00:35 . Memory (MB): peak = 1371.184 ; gain = 160.352

Phase 5 Delay and Skew Optimization

Phase 5.1 Delay CleanUp

Phase 5.1.1 Update Timing
Phase 5.1.1 Update Timing | Checksum: 1ee93c017

Time (s): cpu = 00:00:38 ; elapsed = 00:00:35 . Memory (MB): peak = 1371.184 ; gain = 160.352
INFO: [Route 35-416] Intermediate Timing Summary | WNS=0.028  | TNS=0.000  | WHS=N/A    | THS=N/A    |

Phase 5.1 Delay CleanUp | Checksum: 1ee93c017

Time (s): cpu = 00:00:38 ; elapsed = 00:00:35 . Memory (MB): peak = 1371.184 ; gain = 160.352

Phase 5.2 Clock Skew Optimization
Phase 5.2 Clock Skew Optimization | Checksum: 1ee93c017

Time (s): cpu = 00:00:38 ; elapsed = 00:00:35 . Memory (MB): peak = 1371.184 ; gain = 160.352
Phase 5 Delay and Skew Optimization | Checksum: 1ee93c017

Time (s): cpu = 00:00:38 ; elapsed = 00:00:35 . Memory (MB): peak = 1371.184 ; gain = 160.352

Phase 6 Post Hold Fix

Phase 6.1 Hold Fix Iter

Phase 6.1.1 Update Timing
Phase 6.1.1 Update Timing | Checksum: 18dfa81a5

Time (s): cpu = 00:00:38 ; elapsed = 00:00:35 . Memory (MB): peak = 1371.184 ; gain = 160.352
INFO: [Route 35-416] Intermediate Timing Summary | WNS=0.028  | TNS=0.000  | WHS=0.154  | THS=0.000  |

Phase 6.1 Hold Fix Iter | Checksum: 18dfa81a5

Time (s): cpu = 00:00:38 ; elapsed = 00:00:35 . Memory (MB): peak = 1371.184 ; gain = 160.352
Phase 6 Post Hold Fix | Checksum: 18dfa81a5

Time (s): cpu = 00:00:38 ; elapsed = 00:00:35 . Memory (MB): peak = 1371.184 ; gain = 160.352

Phase 7 Route finalize

Router Utilization Summary
  Global Vertical Routing Utilization    = 0.0424141 %
  Global Horizontal Routing Utilization  = 0.0208225 %
  Routable Net Status*
  *Does not include unroutable nets such as driverless and loadless.
  Run report_route_status for detailed report.
  Number of Failed Nets               = 0
  Number of Unrouted Nets             = 0
  Number of Partially Routed Nets     = 0
  Number of Node Overlaps             = 0

Phase 7 Route finalize | Checksum: 179039100

Time (s): cpu = 00:00:38 ; elapsed = 00:00:35 . Memory (MB): peak = 1371.184 ; gain = 160.352

Phase 8 Verifying routed nets

 Verification completed successfully
Phase 8 Verifying routed nets | Checksum: 179039100

Time (s): cpu = 00:00:38 ; elapsed = 00:00:35 . Memory (MB): peak = 1373.234 ; gain = 162.402

Phase 9 Depositing Routes
Phase 9 Depositing Routes | Checksum: 192ed5ce3

Time (s): cpu = 00:00:38 ; elapsed = 00:00:35 . Memory (MB): peak = 1373.234 ; gain = 162.402

Phase 10 Post Router Timing
INFO: [Route 35-57] Estimated Timing Summary | WNS=0.028  | TNS=0.000  | WHS=0.154  | THS=0.000  |

INFO: [Route 35-327] The final timing numbers are based on the router estimated timing analysis. For a complete and accurate timing signoff, please run report_timing_summary.
Phase 10 Post Router Timing | Checksum: 192ed5ce3

Time (s): cpu = 00:00:38 ; elapsed = 00:00:35 . Memory (MB): peak = 1373.234 ; gain = 162.402
INFO: [Route 35-16] Router Completed Successfully

Time (s): cpu = 00:00:38 ; elapsed = 00:00:35 . Memory (MB): peak = 1373.234 ; gain = 162.402

Routing Is Done.
INFO: [Common 17-83] Releasing license: Implementation
74 Infos, 2 Warnings, 0 Critical Warnings and 0 Errors encountered.
route_design completed successfully
route_design: Time (s): cpu = 00:00:41 ; elapsed = 00:00:36 . Memory (MB): peak = 1373.234 ; gain = 162.402
Netlist sorting complete. Time (s): cpu = 00:00:00 ; elapsed = 00:00:00 . Memory (MB): peak = 1373.234 ; gain = 0.000
INFO: [Timing 38-480] Writing timing data to binary archive.
Writing placer database...
Writing XDEF routing.
Writing XDEF routing logical nets.
Writing XDEF routing special nets.
Write XDEF Complete: Time (s): cpu = 00:00:00 ; elapsed = 00:00:00.092 . Memory (MB): peak = 1373.234 ; gain = 0.000
Netlist sorting complete. Time (s): cpu = 00:00:00 ; elapsed = 00:00:00 . Memory (MB): peak = 1373.234 ; gain = 0.000
INFO: [Common 17-1381] The checkpoint 'C:/Users/artem/.Xilinx/project_9/project_9.runs/impl_1/lab_9_routed.dcp' has been generated.
INFO: [runtcl-4] Executing : report_drc -file lab_9_drc_routed.rpt -pb lab_9_drc_routed.pb -rpx lab_9_drc_routed.rpx
Command: report_drc -file lab_9_drc_routed.rpt -pb lab_9_drc_routed.pb -rpx lab_9_drc_routed.rpx
INFO: [IP_Flow 19-1839] IP Catalog is up to date.
INFO: [DRC 23-27] Running DRC with 2 threads
INFO: [Coretcl 2-168] The results of DRC are in file C:/Users/artem/.Xilinx/project_9/project_9.runs/impl_1/lab_9_drc_routed.rpt.
report_drc completed successfully
INFO: [runtcl-4] Executing : report_methodology -file lab_9_methodology_drc_routed.rpt -pb lab_9_methodology_drc_routed.pb -rpx lab_9_methodology_drc_routed.rpx
Command: report_methodology -file lab_9_methodology_drc_routed.rpt -pb lab_9_methodology_drc_routed.pb -rpx lab_9_methodology_drc_routed.rpx
INFO: [Timing 38-35] Done setting XDC timing constraints.
INFO: [DRC 23-133] Running Methodology with 2 threads
INFO: [Coretcl 2-1520] The results of Report Methodology are in file C:/Users/artem/.Xilinx/project_9/project_9.runs/impl_1/lab_9_methodology_drc_routed.rpt.
report_methodology completed successfully
INFO: [runtcl-4] Executing : report_power -file lab_9_power_routed.rpt -pb lab_9_power_summary_routed.pb -rpx lab_9_power_routed.rpx
Command: report_power -file lab_9_power_routed.rpt -pb lab_9_power_summary_routed.pb -rpx lab_9_power_routed.rpx
INFO: [Timing 38-35] Done setting XDC timing constraints.
Running Vector-less Activity Propagation...

Finished Running Vector-less Activity Propagation
86 Infos, 2 Warnings, 0 Critical Warnings and 0 Errors encountered.
report_power completed successfully
INFO: [runtcl-4] Executing : report_route_status -file lab_9_route_status.rpt -pb lab_9_route_status.pb
INFO: [runtcl-4] Executing : report_timing_summary -max_paths 10 -file lab_9_timing_summary_routed.rpt -pb lab_9_timing_summary_routed.pb -rpx lab_9_timing_summary_routed.rpx -warn_on_violation 
INFO: [Timing 38-91] UpdateTimingParams: Speed grade: -1, Delay Type: min_max.
INFO: [Timing 38-191] Multithreading enabled for timing update using a maximum of 2 CPUs
INFO: [runtcl-4] Executing : report_incremental_reuse -file lab_9_incremental_reuse_routed.rpt
INFO: [Vivado_Tcl 4-1062] Incremental flow is disabled. No incremental reuse Info to report.
INFO: [runtcl-4] Executing : report_clock_utilization -file lab_9_clock_utilization_routed.rpt
INFO: [runtcl-4] Executing : report_bus_skew -warn_on_violation -file lab_9_bus_skew_routed.rpt -pb lab_9_bus_skew_routed.pb -rpx lab_9_bus_skew_routed.rpx
INFO: [Timing 38-91] UpdateTimingParams: Speed grade: -1, Delay Type: min_max.
INFO: [Timing 38-191] Multithreading enabled for timing update using a maximum of 2 CPUs
INFO: [Common 17-206] Exiting Vivado at Tue Dec 21 22:46:30 2021...
